<?xml version="1.0" encoding="UTF-8"?>
<!-- Generated by org.testng.reporters.JUnitXMLReporter -->
<testsuite ignored="0" hostname="DESKTOP-H706BJI" failures="0" tests="4" name="JPetStore_Test" time="98.612" errors="0" timestamp="2020-04-12T11:35:04 IST">
  <testcase classname="miniproject_Runner.TestRunner" name="login" time="33.099"/>
  <testcase classname="miniproject_Runner.TestRunner2" name="login" time="12.378"/>
  <testcase classname="miniproject_Runner.TestRunner3" name="login" time="31.001"/>
  <testcase classname="miniproject_Runner.TestRunner4" name="login" time="20.834"/>
</testsuite> <!-- JPetStore_Test -->
